C51 COMPILER V9.59.0.0   MAIN                                                              08/21/2018 13:00:52 PAGE 1   


C51 COMPILER V9.59.0.0, COMPILATION OF MODULE MAIN
OBJECT MODULE PLACED IN .\Objects\main.obj
COMPILER INVOKED BY: C:\Keil_v5\C51\BIN\C51.EXE main.c LARGE OPTIMIZE(8,SPEED) BROWSE INCDIR(.\include;.\source) DEBUG O
                    -BJECTEXTEND PRINT(.\Listings\main.lst) OBJECT(.\Objects\main.obj)

line level    source

   1          
   2          #include <reg52.h>
   3          #include "NRF24L01.h"
   4          #include "LCD1602.h"
   5          
   6          //************************************主函数*******************************
   7          void main(void)
   8          {
   9   1      //      uchar Display_Buff[7];           //显示缓冲接收次数
  10   1      //      long uint Recive_Count = 0;      //记录接收成功次数计数器
  11   1              init_NRF24L01() ;
  12   1      //      RX_Mode();
  13   1              LCD1602_Initial();              //LCD1602初始化
  14   1              Delay10ms();                                    //稍作延时
  15   1              
  16   1              //用于检测nRF24L01模块是否存在或者正常工作
  17   1              if(!NRF24L01_Check())
  18   1              {
  19   2                      LCD1602_GotoXY(0,0);
  20   2                      LCD1602_Display_NoXY("nRF24L01+ Module");
  21   2                      LCD1602_GotoXY(1,0);
  22   2                      LCD1602_Display_NoXY("Check OK!");      
  23   2                      Delay1000ms();
  24   2                      Delay1000ms();
  25   2              }
  26   1              else
  27   1              {
  28   2                      LCD1602_GotoXY(0,0);
  29   2                      LCD1602_Display_NoXY("nRF24L01+ Module");
  30   2                      LCD1602_GotoXY(1,0);
  31   2                      LCD1602_Display_NoXY("Check Failed!");
  32   2                      while(1);
  33   2              }
  34   1              
  35   1              //初始化界面
  36   1              LCD1602_GotoXY(0,0);
  37   1              LCD1602_Display_NoXY("                ");
  38   1              LCD1602_GotoXY(1,0);
  39   1              LCD1602_Display_NoXY("                ");
  40   1              
  41   1              RX_Mode();
  42   1              
  43   1              while(1)
  44   1              {
  45   2                      
  46   2                      if(!Rx_Pipe_Num_Choose())
  47   2                      {
  48   3                              LCD1602_GotoXY(0,0);
  49   3                              LCD1602_Display_NoXY(RxBuf_P0);//显示数据通道0的数据
  50   3                              LCD1602_GotoXY(0,8);
  51   3                              LCD1602_Display_NoXY(RxBuf_P1);//显示数据通道1的数据
  52   3                              LCD1602_GotoXY(1,0);
  53   3                              LCD1602_Display_NoXY(RxBuf_P2);//显示数据通道2的数据
  54   3                              LCD1602_GotoXY(1,8);
C51 COMPILER V9.59.0.0   MAIN                                                              08/21/2018 13:00:52 PAGE 2   

  55   3                              LCD1602_Display_NoXY(RxBuf_P3);//显示数据通道3的数据
  56   3                      }
  57   2              }               
  58   1      }


MODULE INFORMATION:   STATIC OVERLAYABLE
   CODE SIZE        =    190    ----
   CONSTANT SIZE    =     58    ----
   XDATA SIZE       =   ----    ----
   PDATA SIZE       =   ----    ----
   DATA SIZE        =   ----    ----
   IDATA SIZE       =   ----    ----
   BIT SIZE         =   ----    ----
END OF MODULE INFORMATION.


C51 COMPILATION COMPLETE.  0 WARNING(S),  0 ERROR(S)
